<?xml version="1.0" encoding="UTF-8"?>
<!-- Generated by org.testng.reporters.JUnitReportReporter -->
<testsuite hostname="LAPTOP-N3N33JA0" failures="0" tests="2" name="com.bangladesh.TestRunner.TestRunner_BD" time="15.413" errors="0" timestamp="2021-07-22T20:01:30 PDT" skipped="0">
  <testcase classname="com.bangladesh.TestRunner.TestRunner_BD" name="feature" time="7.685"/>
  <system-out/>
  <testcase classname="com.bangladesh.TestRunner.TestRunner_BD" name="feature" time="7.728"/>
  <system-out/>
</testsuite> <!-- com.bangladesh.TestRunner.TestRunner_BD -->
